<?xml version="1.0" encoding="UTF-8"?>
<testng-results skipped="0" failed="0" total="1" passed="1">
  <reporter-output>
  </reporter-output>
  <suite name="Default suite" duration-ms="6931" started-at="2019-06-12T11:42:16Z" finished-at="2019-06-12T11:42:23Z">
    <groups>
    </groups>
    <test name="Default test" duration-ms="6931" started-at="2019-06-12T11:42:16Z" finished-at="2019-06-12T11:42:23Z">
      <class name="dd_core.TestCore">
        <test-method status="PASS" signature="init()[pri:0, instance:dd_core.TestCore@6a2bcfcb]" name="init" is-config="true" duration-ms="140365" started-at="2019-06-12T17:09:56Z" finished-at="2019-06-12T17:12:16Z">
          <reporter-output>
          </reporter-output>
        </test-method> <!-- init -->
        <test-method status="PASS" signature="stop()[pri:0, instance:dd_core.TestCore@6a2bcfcb]" name="stop" is-config="true" duration-ms="3577" started-at="2019-06-12T17:12:24Z" finished-at="2019-06-12T17:12:28Z">
          <reporter-output>
          </reporter-output>
        </test-method> <!-- stop -->
      </class> <!-- dd_core.TestCore -->
      <class name="dd_testcases.LoginTest">
        <test-method status="PASS" signature="doLogin(java.lang.String, java.lang.String)[pri:0, instance:dd_testcases.LoginTest@4de8b406]" name="doLogin" duration-ms="6783" started-at="2019-06-12T17:12:17Z" data-provider="getData" finished-at="2019-06-12T17:12:23Z">
          <params>
            <param index="0">
              <value>
                <![CDATA[asha]]>
              </value>
            </param>
            <param index="1">
              <value>
                <![CDATA[asha123]]>
              </value>
            </param>
          </params>
          <reporter-output>
          </reporter-output>
        </test-method> <!-- doLogin -->
      </class> <!-- dd_testcases.LoginTest -->
    </test> <!-- Default test -->
  </suite> <!-- Default suite -->
</testng-results>
